
ROM used:   134/32768 (0%)
            138/32768 (0%) including unused fragments

            0.1 Average locations per line
            16.8 Average locations per statement

RAM used:   7/2048 (0%) at main() level
            8/2048 (0%) worst case

Stack used: 0 worst case (0 in main + 0 for interrupts)
Stack size: 31

Lines Stmts  %   Files
----- ----- ---  -----
   41     8 100  Corrimiento de bits.c
  972     0   0  D:\Programas\PICC\Devices\18F45K50.h
----- -----
 1013     8 Total

Page ROM  %  RAM    Vol Diff  Functions:
---- --- --- ---    --- ----  ----------
0     42  16    1             @delay_ms1
0     12   4    0     38  1.4  SisInit
0     76  28    1    138  3.4  MAIN
 Inline         0    362  2.3  @cinit1

Program metrics:
    Functions               3
    Statements              8
    Comments                191
    Volume (V)              681
    Difficulty (D)          7.3
    Effort to implement (E) 4947
    Time to implement (T)   5 minutes
    Est Delivered Bugs (B)  0
    Cyclomatic Complexity   1
    Maintainability (MI)    117

 Segment     Used  Free
-----------  ----  ----
00000-01FFE     0  8192  
02000-02006     4  4  
02008-07FFE   130  24438  



