CCS PCH C Compiler, Version 5.090, 13314               01-dic.-20 09:53

               Filename:   C:\Users\Martin Hdez\Desktop\18F4550\3 Corrimiento de bits\Corrimiento de bits.lst

               ROM used:   118 bytes (0%)
                           Largest free fragment is 24454
               RAM used:   7 (0%) at main() level
                           8 (0%) worst case
               Stack used: 0 locations
               Stack size: 31

*
2000:  GOTO   203E
.................... /*
.................... AUTOR: MICROSIDE TECHNOLOGY S.A. DE C.V.
.................... FECHA: JUNIO 2019
.................... */
.................... 
.................... /*
.................... ---------------------------------------------------------------------------
.................... Implementar corrimiento de 8 bits y desplegar el resultado en 8 LEDs
.................... ---------------------------------------------------------------------------
.................... */
.................... 
.................... #include <18F4550.h>                            //Incluye el microcontrolador con el que se va a trabajar 
.................... //////////// Standard Header file for the PIC18F4550 device ////////////////
.................... ///////////////////////////////////////////////////////////////////////////
.................... ////        (C) Copyright 1996, 2014 Custom Computer Services          ////
.................... //// This source code may only be used by licensed users of the CCS C  ////
.................... //// compiler.  This source code may only be distributed to other      ////
.................... //// licensed users of the CCS C compiler.  No other use, reproduction ////
.................... //// or distribution is permitted without written permission.          ////
.................... //// Derivative programs created using this software in object code    ////
.................... //// form are not restricted in any way.                               ////
.................... ///////////////////////////////////////////////////////////////////////////
.................... #device PIC18F4550
.................... 
.................... #list
.................... 
.................... #use delay(clock=48Mhz, crystal)                //Tipo de oscilador y frecuencia dependiendo del microcontrolador 
*
2014:  CLRF   FEA
2016:  MOVLW  07
2018:  MOVWF  FE9
201A:  MOVF   FEF,W
201C:  BZ    203A
201E:  MOVLW  0F
2020:  MOVWF  01
2022:  CLRF   00
2024:  DECFSZ 00,F
2026:  BRA    2024
2028:  DECFSZ 01,F
202A:  BRA    2022
202C:  MOVLW  8F
202E:  MOVWF  00
2030:  DECFSZ 00,F
2032:  BRA    2030
2034:  NOP   
2036:  DECFSZ FEF,F
2038:  BRA    201E
203A:  GOTO   2072 (RETURN)
.................... #build(reset=0x02000,interrupt=0x02008)         //Asignación de los vectores de reset e interrupción
.................... #org 0x0000,0x1FFF {}                           //Reserva espacio en la memoria para la versión con bootloader
.................... 
.................... byte MI_REGISTRO;                               //Variable de 8 bits(1 byte)
.................... 
.................... int i;
.................... 
.................... void SisInit(void)
.................... 
.................... {
.................... 
....................      set_tris_b (0x00);                          //Configura puerto B como salidas
*
2008:  MOVLW  00
200A:  MOVWF  F93
.................... 
....................      MI_REGISTRO = 0x0D;                         //Se inicia cargando los bits deseados
200C:  MOVLW  0D
200E:  MOVWF  04
2010:  GOTO   2050 (RETURN)
.................... 
.................... }
.................... 
.................... void main (void)
*
203E:  CLRF   FF8
2040:  BCF    FD0.7
2042:  MOVF   FC1,W
2044:  ANDLW  C0
2046:  IORLW  0F
2048:  MOVWF  FC1
204A:  MOVLW  07
204C:  MOVWF  FB4
.................... 
.................... {
....................    SisInit();
204E:  BRA    2008
.................... 
....................    while (true)
.................... 
....................        {
.................... 
....................             MI_REGISTRO = ((MI_REGISTRO <<1)|(MI_REGISTRO>>7));        //Inicia corrimiento
2050:  BCF    FD8.0
2052:  RLCF   04,W
2054:  MOVWF  06
2056:  CLRF   00
2058:  BTFSC  04.7
205A:  BSF    00.0
205C:  MOVF   00,W
205E:  IORWF  06,W
2060:  MOVWF  04
.................... 
....................             output_b (MI_REGISTRO);                                    //Pasa el valor al puerto B
2062:  CLRF   F93
2064:  MOVFF  04,F8A
.................... 
....................             delay_ms (500);
2068:  MOVLW  02
206A:  MOVWF  06
206C:  MOVLW  FA
206E:  MOVWF  07
2070:  BRA    2014
2072:  DECFSZ 06,F
2074:  BRA    206C
2076:  BRA    2050
.................... 
....................         } 
.................... }
2078:  SLEEP 

Configuration Fuses:
   Word  1: CC07   PLL12 CPUDIV1 NOUSBDIV HS FCMEN IESO
   Word  2: 1E26   PUT BROWNOUT VREGEN NOWDT WDT32768
   Word  3: 8700   CCP2C1 PBADEN LPT1OSC MCLR
   Word  4: 00A1   STVREN NOLVP ICSP2 NOXINST NODEBUG
   Word  5: C00F   NOPROTECT NOCPB NOCPD
   Word  6: E00F   NOWRT NOWRTC NOWRTB NOWRTD
   Word  7: 400F   NOEBTR NOEBTRB
