
ROM used:   118/32768 (0%)
            122/32768 (0%) including unused fragments

            0.1 Average locations per line
            14.8 Average locations per statement

RAM used:   7/2048 (0%) at main() level
            8/2048 (0%) worst case

Stack used: 0 worst case (0 in main + 0 for interrupts)
Stack size: 31

Lines Stmts  %   Files
----- ----- ---  -----
   48     8 100  Corrimiento de bits.c
  861     0   0  D:\Programas\PICC\Devices\18F4550.h
----- -----
  909     8 Total

Page ROM  %  RAM    Vol Diff  Functions:
---- --- --- ---    --- ----  ----------
0     42  18    1             @delay_ms1
0     12   5    0     38  1.4  SisInit
0     60  25    1    138  3.4  MAIN
 Inline         0    362  2.3  @cinit1

Program metrics:
    Functions               3
    Statements              8
    Comments                179
    Volume (V)              681
    Difficulty (D)          7.3
    Effort to implement (E) 4947
    Time to implement (T)   5 minutes
    Est Delivered Bugs (B)  0
    Cyclomatic Complexity   1
    Maintainability (MI)    99

 Segment     Used  Free
-----------  ----  ----
00000-01FFE     0  8192  
02000-02006     4  4  
02008-07FFE   114  24454  



